app/build/outputs/logs/manifest-merger-debug-report.txt
-- Merging decision tree log ---
manifest
ADDED from src/main/AndroidManifest.xml:2:1-24:12
INJECTED from src/main/AndroidManifest.xml:2:1-24:12
INJECTED from src/main/AndroidManifest.xml:2:1-24:12
INJECTED from src/main/AndroidManifest.xml:2:1-24:12
MERGED from [com.android.databinding:adapters:3.1.4] AndroidManifest.xml:17:1-24:12
MERGED from [com.android.databinding:library:3.1.4] AndroidManifest.xml:17:1-24:12
MERGED from [com.android.support:design:27.1.1] AndroidManifest.xml:17:1-22:12
MERGED from [com.google.dagger:dagger-android-support:2.15] AndroidManifest.xml:17:1-22:12
MERGED from [com.android.support:appcompat-v7:27.1.1] AndroidManifest.xml:17:1-22:12
MERGED from [com.android.support:support-v4:27.1.1] AndroidManifest.xml:17:1-22:12
MERGED from [com.android.support.constraint:constraint-layout:1.1.3] AndroidManifest.xml:2:1-11:12
MERGED from [com.google.dagger:dagger-android:2.15] AndroidManifest.xml:17:1-22:12
MERGED from [android.arch.persistence.room:runtime:1.1.1] AndroidManifest.xml:17:1-22:12
MERGED from [android.arch.lifecycle:extensions:1.1.1] AndroidManifest.xml:17:1-30:12
MERGED from [com.jakewharton.timber:timber:4.5.1] AndroidManifest.xml:2:1-10:12
MERGED from [com.android.support:support-fragment:27.1.1] AndroidManifest.xml:17:1-22:12
MERGED from [com.android.support:animated-vector-drawable:27.1.1] AndroidManifest.xml:17:1-22:12
MERGED from [com.android.support:recyclerview-v7:27.1.1] AndroidManifest.xml:17:1-22:12
MERGED from [com.android.support:support-core-ui:27.1.1] AndroidManifest.xml:17:1-22:12
MERGED from [com.android.support:support-core-utils:27.1.1] AndroidManifest.xml:17:1-22:12
MERGED from [com.android.support:support-vector-drawable:27.1.1] AndroidManifest.xml:17:1-22:12
MERGED from [com.android.support:transition:27.1.1] AndroidManifest.xml:17:1-22:12
MERGED from [com.android.support:support-media-compat:27.1.1] AndroidManifest.xml:17:1-22:12
MERGED from [com.android.support:support-compat:27.1.1] AndroidManifest.xml:17:1-22:12
MERGED from [android.arch.lifecycle:runtime:1.1.1] AndroidManifest.xml:17:1-22:12
MERGED from [android.arch.persistence:db-framework:1.1.1] AndroidManifest.xml:17:1-22:12
MERGED from [android.arch.persistence:db:1.1.1] AndroidManifest.xml:17:1-22:12
MERGED from [android.arch.lifecycle:livedata:1.1.1] AndroidManifest.xml:17:1-22:12
MERGED from [android.arch.lifecycle:livedata-core:1.1.1] AndroidManifest.xml:17:1-22:12
MERGED from [android.arch.core:runtime:1.1.1] AndroidManifest.xml:17:1-22:12
MERGED from [android.arch.lifecycle:viewmodel:1.1.1] AndroidManifest.xml:17:1-22:12
INJECTED from src/main/AndroidManifest.xml:2:1-24:12
INJECTED from src/main/AndroidManifest.xml:2:1-24:12
INJECTED from src/main/AndroidManifest.xml:2:1-24:12
	package
		ADDED from src/main/AndroidManifest.xml:3:5-31
		INJECTED from src/main/AndroidManifest.xml
		INJECTED from src/main/AndroidManifest.xml
	android:versionName
		INJECTED from src/main/AndroidManifest.xml
		ADDED from src/main/AndroidManifest.xml:2:1-24:12
		INJECTED from src/main/AndroidManifest.xml
	android:versionCode
		INJECTED from src/main/AndroidManifest.xml
		ADDED from src/main/AndroidManifest.xml:2:1-24:12
		INJECTED from src/main/AndroidManifest.xml
	xmlns:android
		ADDED from src/main/AndroidManifest.xml:2:11-69
application
ADDED from src/main/AndroidManifest.xml:5:5-22:19
MERGED from [com.android.support.constraint:constraint-layout:1.1.3] AndroidManifest.xml:9:5-20
MERGED from [com.android.support.constraint:constraint-layout:1.1.3] AndroidManifest.xml:9:5-20
MERGED from [android.arch.lifecycle:extensions:1.1.1] AndroidManifest.xml:22:5-28:19
MERGED from [android.arch.lifecycle:extensions:1.1.1] AndroidManifest.xml:22:5-28:19
MERGED from [com.jakewharton.timber:timber:4.5.1] AndroidManifest.xml:8:5-20
MERGED from [com.jakewharton.timber:timber:4.5.1] AndroidManifest.xml:8:5-20
	android:supportsRtl
		ADDED from src/main/AndroidManifest.xml:10:9-35
	android:label
		ADDED from src/main/AndroidManifest.xml:8:9-41
	android:roundIcon
		ADDED from src/main/AndroidManifest.xml:9:9-54
	android:icon
		ADDED from src/main/AndroidManifest.xml:7:9-43
	android:allowBackup
		ADDED from src/main/AndroidManifest.xml:6:9-35
	android:theme
		ADDED from src/main/AndroidManifest.xml:11:9-40
activity#io.digiteam.mvvm.ui.activity.MainActivity
ADDED from src/main/AndroidManifest.xml:12:9-21:20
	android:label
		ADDED from src/main/AndroidManifest.xml:14:13-45
	android:theme
		ADDED from src/main/AndroidManifest.xml:15:13-56
	android:name
		ADDED from src/main/AndroidManifest.xml:13:13-53
intent-filter#action:name:android.intent.action.MAIN+category:name:android.intent.category.LAUNCHER
ADDED from src/main/AndroidManifest.xml:16:13-20:29
action#android.intent.action.MAIN
ADDED from src/main/AndroidManifest.xml:17:17-69
	android:name
		ADDED from src/main/AndroidManifest.xml:17:25-66
category#android.intent.category.LAUNCHER
ADDED from src/main/AndroidManifest.xml:19:17-77
	android:name
		ADDED from src/main/AndroidManifest.xml:19:27-74
uses-sdk
INJECTED from src/main/AndroidManifest.xml reason: use-sdk injection requested
INJECTED from src/main/AndroidManifest.xml
INJECTED from src/main/AndroidManifest.xml
MERGED from [com.android.databinding:adapters:3.1.4] AndroidManifest.xml:22:5-44
MERGED from [com.android.databinding:adapters:3.1.4] AndroidManifest.xml:22:5-44
MERGED from [com.android.databinding:library:3.1.4] AndroidManifest.xml:22:5-44
MERGED from [com.android.databinding:library:3.1.4] AndroidManifest.xml:22:5-44
MERGED from [com.android.support:design:27.1.1] AndroidManifest.xml:20:5-44
MERGED from [com.android.support:design:27.1.1] AndroidManifest.xml:20:5-44
MERGED from [com.google.dagger:dagger-android-support:2.15] AndroidManifest.xml:20:5-44
MERGED from [com.google.dagger:dagger-android-support:2.15] AndroidManifest.xml:20:5-44
MERGED from [com.android.support:appcompat-v7:27.1.1] AndroidManifest.xml:20:5-44
MERGED from [com.android.support:appcompat-v7:27.1.1] AndroidManifest.xml:20:5-44
MERGED from [com.android.support:support-v4:27.1.1] AndroidManifest.xml:20:5-44
MERGED from [com.android.support:support-v4:27.1.1] AndroidManifest.xml:20:5-44
MERGED from [com.android.support.constraint:constraint-layout:1.1.3] AndroidManifest.xml:5:5-7:41
MERGED from [com.android.support.constraint:constraint-layout:1.1.3] AndroidManifest.xml:5:5-7:41
MERGED from [com.google.dagger:dagger-android:2.15] AndroidManifest.xml:20:5-44
MERGED from [com.google.dagger:dagger-android:2.15] AndroidManifest.xml:20:5-44
MERGED from [android.arch.persistence.room:runtime:1.1.1] AndroidManifest.xml:20:5-44
MERGED from [android.arch.persistence.room:runtime:1.1.1] AndroidManifest.xml:20:5-44
MERGED from [android.arch.lifecycle:extensions:1.1.1] AndroidManifest.xml:20:5-44
MERGED from [android.arch.lifecycle:extensions:1.1.1] AndroidManifest.xml:20:5-44
MERGED from [com.jakewharton.timber:timber:4.5.1] AndroidManifest.xml:6:5-43
MERGED from [com.jakewharton.timber:timber:4.5.1] AndroidManifest.xml:6:5-43
MERGED from [com.android.support:support-fragment:27.1.1] AndroidManifest.xml:20:5-44
MERGED from [com.android.support:support-fragment:27.1.1] AndroidManifest.xml:20:5-44
MERGED from [com.android.support:animated-vector-drawable:27.1.1] AndroidManifest.xml:20:5-44
MERGED from [com.android.support:animated-vector-drawable:27.1.1] AndroidManifest.xml:20:5-44
MERGED from [com.android.support:recyclerview-v7:27.1.1] AndroidManifest.xml:20:5-44
MERGED from [com.android.support:recyclerview-v7:27.1.1] AndroidManifest.xml:20:5-44
MERGED from [com.android.support:support-core-ui:27.1.1] AndroidManifest.xml:20:5-44
MERGED from [com.android.support:support-core-ui:27.1.1] AndroidManifest.xml:20:5-44
MERGED from [com.android.support:support-core-utils:27.1.1] AndroidManifest.xml:20:5-44
MERGED from [com.android.support:support-core-utils:27.1.1] AndroidManifest.xml:20:5-44
MERGED from [com.android.support:support-vector-drawable:27.1.1] AndroidManifest.xml:20:5-44
MERGED from [com.android.support:support-vector-drawable:27.1.1] AndroidManifest.xml:20:5-44
MERGED from [com.android.support:transition:27.1.1] AndroidManifest.xml:20:5-44
MERGED from [com.android.support:transition:27.1.1] AndroidManifest.xml:20:5-44
MERGED from [com.android.support:support-media-compat:27.1.1] AndroidManifest.xml:20:5-44
MERGED from [com.android.support:support-media-compat:27.1.1] AndroidManifest.xml:20:5-44
MERGED from [com.android.support:support-compat:27.1.1] AndroidManifest.xml:20:5-44
MERGED from [com.android.support:support-compat:27.1.1] AndroidManifest.xml:20:5-44
MERGED from [android.arch.lifecycle:runtime:1.1.1] AndroidManifest.xml:20:5-44
MERGED from [android.arch.lifecycle:runtime:1.1.1] AndroidManifest.xml:20:5-44
MERGED from [android.arch.persistence:db-framework:1.1.1] AndroidManifest.xml:20:5-44
MERGED from [android.arch.persistence:db-framework:1.1.1] AndroidManifest.xml:20:5-44
MERGED from [android.arch.persistence:db:1.1.1] AndroidManifest.xml:20:5-44
MERGED from [android.arch.persistence:db:1.1.1] AndroidManifest.xml:20:5-44
MERGED from [android.arch.lifecycle:livedata:1.1.1] AndroidManifest.xml:20:5-44
MERGED from [android.arch.lifecycle:livedata:1.1.1] AndroidManifest.xml:20:5-44
MERGED from [android.arch.lifecycle:livedata-core:1.1.1] AndroidManifest.xml:20:5-44
MERGED from [android.arch.lifecycle:livedata-core:1.1.1] AndroidManifest.xml:20:5-44
MERGED from [android.arch.core:runtime:1.1.1] AndroidManifest.xml:20:5-44
MERGED from [android.arch.core:runtime:1.1.1] AndroidManifest.xml:20:5-44
MERGED from [android.arch.lifecycle:viewmodel:1.1.1] AndroidManifest.xml:20:5-44
MERGED from [android.arch.lifecycle:viewmodel:1.1.1] AndroidManifest.xml:20:5-44
INJECTED from src/main/AndroidManifest.xml
INJECTED from src/main/AndroidManifest.xml
	android:targetSdkVersion
		INJECTED from src/main/AndroidManifest.xml
		ADDED from src/main/AndroidManifest.xml
		INJECTED from src/main/AndroidManifest.xml
	android:minSdkVersion
		INJECTED from src/main/AndroidManifest.xml
		ADDED from src/main/AndroidManifest.xml
		INJECTED from src/main/AndroidManifest.xml
provider#android.arch.lifecycle.ProcessLifecycleOwnerInitializer
ADDED from [android.arch.lifecycle:extensions:1.1.1] AndroidManifest.xml:23:9-27:43
	android:authorities
		ADDED from [android.arch.lifecycle:extensions:1.1.1] AndroidManifest.xml:25:13-68
	android:multiprocess
		ADDED from [android.arch.lifecycle:extensions:1.1.1] AndroidManifest.xml:27:13-40
	android:exported
		ADDED from [android.arch.lifecycle:extensions:1.1.1] AndroidManifest.xml:26:13-37
	android:name
		ADDED from [android.arch.lifecycle:extensions:1.1.1] AndroidManifest.xml:24:13-83